<?xml version="1.0" encoding="UTF-8"?>
<coverage generated="1747046825660" clover="3.2.0">
  <project timestamp="1747046825660" name="All files">
    <metrics statements="78" coveredstatements="78" conditionals="31" coveredconditionals="31" methods="6" coveredmethods="6" elements="115" coveredelements="115" complexity="0" loc="78" ncloc="78" packages="1" files="1" classes="1"/>
    <file name="order-management-service.ts" path="C:\Users\gasor\OneDrive\Desktop\Moyo-tech\order-management-system\srv\order-management-service.ts">
      <metrics statements="78" coveredstatements="78" conditionals="31" coveredconditionals="31" methods="6" coveredmethods="6"/>
      <line num="1" count="1" type="stmt"/>
      <line num="2" count="1" type="stmt"/>
      <line num="4" count="1" type="stmt"/>
      <line num="5" count="1" type="stmt"/>
      <line num="6" count="1" type="stmt"/>
      <line num="7" count="10" type="cond" truecount="4" falsecount="0"/>
      <line num="8" count="5" type="stmt"/>
      <line num="12" count="5" type="stmt"/>
      <line num="14" count="5" type="stmt"/>
      <line num="17" count="5" type="cond" truecount="1" falsecount="0"/>
      <line num="18" count="1" type="stmt"/>
      <line num="19" count="1" type="stmt"/>
      <line num="23" count="1" type="stmt"/>
      <line num="24" count="6" type="cond" truecount="4" falsecount="0"/>
      <line num="25" count="3" type="stmt"/>
      <line num="26" count="3" type="stmt"/>
      <line num="28" count="3" type="stmt"/>
      <line num="31" count="3" type="cond" truecount="1" falsecount="0"/>
      <line num="32" count="1" type="stmt"/>
      <line num="33" count="1" type="stmt"/>
      <line num="37" count="1" type="stmt"/>
      <line num="38" count="10" type="cond" truecount="1" falsecount="0"/>
      <line num="39" count="1" type="stmt"/>
      <line num="40" count="1" type="stmt"/>
      <line num="43" count="9" type="stmt"/>
      <line num="47" count="9" type="cond" truecount="1" falsecount="0"/>
      <line num="48" count="1" type="stmt"/>
      <line num="49" count="1" type="stmt"/>
      <line num="52" count="8" type="cond" truecount="1" falsecount="0"/>
      <line num="57" count="1" type="stmt"/>
      <line num="58" count="1" type="stmt"/>
      <line num="61" count="7" type="stmt"/>
      <line num="62" count="7" type="stmt"/>
      <line num="64" count="7" type="stmt"/>
      <line num="65" count="7" type="stmt"/>
      <line num="66" count="10" type="cond" truecount="3" falsecount="0"/>
      <line num="67" count="1" type="stmt"/>
      <line num="72" count="9" type="stmt"/>
      <line num="76" count="9" type="cond" truecount="1" falsecount="0"/>
      <line num="77" count="1" type="stmt"/>
      <line num="80" count="8" type="cond" truecount="1" falsecount="0"/>
      <line num="81" count="1" type="stmt"/>
      <line num="86" count="7" type="stmt"/>
      <line num="87" count="7" type="stmt"/>
      <line num="89" count="7" type="stmt"/>
      <line num="97" count="7" type="stmt"/>
      <line num="99" count="4" type="stmt"/>
      <line num="101" count="6" type="stmt"/>
      <line num="109" count="6" type="stmt"/>
      <line num="110" count="6" type="stmt"/>
      <line num="113" count="4" type="stmt"/>
      <line num="115" count="3" type="stmt"/>
      <line num="116" count="3" type="stmt"/>
      <line num="120" count="1" type="stmt"/>
      <line num="121" count="5" type="cond" truecount="3" falsecount="0"/>
      <line num="122" count="1" type="stmt"/>
      <line num="123" count="1" type="stmt"/>
      <line num="125" count="4" type="stmt"/>
      <line num="126" count="11" type="cond" truecount="1" falsecount="0"/>
      <line num="131" count="1" type="stmt"/>
      <line num="132" count="1" type="stmt"/>
      <line num="136" count="3" type="cond" truecount="1" falsecount="0"/>
      <line num="137" count="3" type="stmt"/>
      <line num="138" count="3" type="stmt"/>
      <line num="139" count="3" type="stmt"/>
      <line num="142" count="3" type="cond" truecount="1" falsecount="0"/>
      <line num="143" count="1" type="stmt"/>
      <line num="145" count="2" type="cond" truecount="1" falsecount="0"/>
      <line num="146" count="1" type="stmt"/>
      <line num="148" count="1" type="stmt"/>
      <line num="149" count="1" type="stmt"/>
      <line num="151" count="1" type="stmt"/>
      <line num="158" count="1" type="stmt"/>
      <line num="159" count="1" type="stmt"/>
      <line num="160" count="1" type="stmt"/>
      <line num="162" count="2" type="stmt"/>
      <line num="163" count="2" type="stmt"/>
      <line num="164" count="2" type="stmt"/>
    </file>
  </project>
</coverage>
