<?xml version="1.0" encoding="UTF-8"?>
<coverage generated="1746361431752" clover="3.2.0">
  <project timestamp="1746361431753" name="All files">
    <metrics statements="56" coveredstatements="56" conditionals="21" coveredconditionals="21" methods="5" coveredmethods="5" elements="82" coveredelements="82" complexity="0" loc="56" ncloc="56" packages="1" files="1" classes="1"/>
    <file name="order-management-service.ts" path="C:\Users\gasor\OneDrive\Desktop\Moyo-tech\order-management-system\srv\order-management-service.ts">
      <metrics statements="56" coveredstatements="56" conditionals="21" coveredconditionals="21" methods="5" coveredmethods="5"/>
      <line num="1" count="1" type="stmt"/>
      <line num="2" count="1" type="stmt"/>
      <line num="4" count="1" type="stmt"/>
      <line num="6" count="1" type="stmt"/>
      <line num="7" count="1" type="stmt"/>
      <line num="8" count="1" type="stmt"/>
      <line num="11" count="1" type="stmt"/>
      <line num="12" count="1" type="stmt"/>
      <line num="13" count="10" type="cond" truecount="4" falsecount="0"/>
      <line num="14" count="5" type="stmt"/>
      <line num="15" count="5" type="stmt"/>
      <line num="17" count="5" type="stmt"/>
      <line num="20" count="5" type="cond" truecount="1" falsecount="0"/>
      <line num="21" count="1" type="stmt"/>
      <line num="22" count="1" type="stmt"/>
      <line num="27" count="1" type="stmt"/>
      <line num="28" count="6" type="cond" truecount="4" falsecount="0"/>
      <line num="29" count="3" type="stmt"/>
      <line num="30" count="3" type="stmt"/>
      <line num="32" count="3" type="stmt"/>
      <line num="35" count="3" type="cond" truecount="1" falsecount="0"/>
      <line num="36" count="1" type="stmt"/>
      <line num="37" count="1" type="stmt"/>
      <line num="41" count="1" type="stmt"/>
      <line num="42" count="9" type="cond" truecount="1" falsecount="0"/>
      <line num="43" count="1" type="stmt"/>
      <line num="44" count="1" type="stmt"/>
      <line num="47" count="8" type="stmt"/>
      <line num="51" count="8" type="cond" truecount="1" falsecount="0"/>
      <line num="52" count="1" type="stmt"/>
      <line num="53" count="1" type="stmt"/>
      <line num="56" count="7" type="cond" truecount="4" falsecount="0"/>
      <line num="57" count="1" type="stmt"/>
      <line num="58" count="1" type="stmt"/>
      <line num="61" count="6" type="stmt"/>
      <line num="62" count="6" type="stmt"/>
      <line num="64" count="6" type="stmt"/>
      <line num="65" count="6" type="stmt"/>
      <line num="66" count="8" type="cond" truecount="3" falsecount="0"/>
      <line num="67" count="1" type="stmt"/>
      <line num="70" count="7" type="stmt"/>
      <line num="74" count="7" type="cond" truecount="1" falsecount="0"/>
      <line num="75" count="1" type="stmt"/>
      <line num="78" count="6" type="cond" truecount="1" falsecount="0"/>
      <line num="79" count="1" type="stmt"/>
      <line num="82" count="5" type="stmt"/>
      <line num="83" count="5" type="stmt"/>
      <line num="85" count="5" type="stmt"/>
      <line num="93" count="6" type="stmt"/>
      <line num="95" count="3" type="stmt"/>
      <line num="97" count="4" type="stmt"/>
      <line num="105" count="4" type="stmt"/>
      <line num="106" count="4" type="stmt"/>
      <line num="109" count="3" type="stmt"/>
      <line num="111" count="3" type="stmt"/>
      <line num="112" count="3" type="stmt"/>
    </file>
  </project>
</coverage>
