{"C:\\Users\\gasor\\OneDrive\\Desktop\\Moyo-tech\\order-management-system\\srv\\order-management-service.ts": {"path":"C:\\Users\\gasor\\OneDrive\\Desktop\\Moyo-tech\\order-management-system\\srv\\order-management-service.ts","statementMap":{"0":{"start":{"line":4,"column":0},"end":{"line":4,"column":15}},"1":{"start":{"line":1,"column":0},"end":{"line":1,"column":27}},"2":{"start":{"line":2,"column":27},"end":{"line":2,"column":33}},"3":{"start":{"line":5,"column":2},"end":{"line":5,"column":58}},"4":{"start":{"line":6,"column":2},"end":{"line":6,"column":58}},"5":{"start":{"line":7,"column":2},"end":{"line":7,"column":58}},"6":{"start":{"line":9,"column":42},"end":{"line":9,"column":54}},"7":{"start":{"line":10,"column":2},"end":{"line":25,"column":5}},"8":{"start":{"line":11,"column":4},"end":{"line":17,"column":5}},"9":{"start":{"line":12,"column":6},"end":{"line":15,"column":8}},"10":{"start":{"line":16,"column":6},"end":{"line":16,"column":13}},"11":{"start":{"line":18,"column":28},"end":{"line":20,"column":68}},"12":{"start":{"line":21,"column":4},"end":{"line":24,"column":5}},"13":{"start":{"line":22,"column":6},"end":{"line":22,"column":74}},"14":{"start":{"line":23,"column":6},"end":{"line":23,"column":13}},"15":{"start":{"line":27,"column":2},"end":{"line":39,"column":5}},"16":{"start":{"line":28,"column":4},"end":{"line":31,"column":5}},"17":{"start":{"line":29,"column":6},"end":{"line":29,"column":52}},"18":{"start":{"line":30,"column":6},"end":{"line":30,"column":13}},"19":{"start":{"line":32,"column":29},"end":{"line":34,"column":71}},"20":{"start":{"line":35,"column":4},"end":{"line":38,"column":5}},"21":{"start":{"line":36,"column":6},"end":{"line":36,"column":77}},"22":{"start":{"line":37,"column":6},"end":{"line":37,"column":13}},"23":{"start":{"line":41,"column":2},"end":{"line":122,"column":5}},"24":{"start":{"line":42,"column":4},"end":{"line":45,"column":5}},"25":{"start":{"line":43,"column":6},"end":{"line":43,"column":48}},"26":{"start":{"line":44,"column":6},"end":{"line":44,"column":13}},"27":{"start":{"line":47,"column":21},"end":{"line":49,"column":74}},"28":{"start":{"line":51,"column":4},"end":{"line":54,"column":5}},"29":{"start":{"line":52,"column":6},"end":{"line":52,"column":75}},"30":{"start":{"line":53,"column":6},"end":{"line":53,"column":13}},"31":{"start":{"line":56,"column":4},"end":{"line":63,"column":5}},"32":{"start":{"line":61,"column":6},"end":{"line":61,"column":61}},"33":{"start":{"line":62,"column":6},"end":{"line":62,"column":13}},"34":{"start":{"line":65,"column":27},"end":{"line":65,"column":28}},"35":{"start":{"line":66,"column":27},"end":{"line":66,"column":29}},"36":{"start":{"line":68,"column":4},"end":{"line":121,"column":5}},"37":{"start":{"line":69,"column":30},"end":{"line":99,"column":8}},"38":{"start":{"line":70,"column":8},"end":{"line":74,"column":9}},"39":{"start":{"line":71,"column":10},"end":{"line":73,"column":12}},"40":{"start":{"line":76,"column":24},"end":{"line":78,"column":77}},"41":{"start":{"line":80,"column":8},"end":{"line":82,"column":9}},"42":{"start":{"line":81,"column":10},"end":{"line":81,"column":79}},"43":{"start":{"line":84,"column":8},"end":{"line":88,"column":9}},"44":{"start":{"line":85,"column":10},"end":{"line":87,"column":12}},"45":{"start":{"line":90,"column":31},"end":{"line":90,"column":65}},"46":{"start":{"line":91,"column":8},"end":{"line":91,"column":43}},"47":{"start":{"line":93,"column":8},"end":{"line":98,"column":10}},"48":{"start":{"line":101,"column":29},"end":{"line":101,"column":63}},"49":{"start":{"line":103,"column":6},"end":{"line":115,"column":7}},"50":{"start":{"line":105,"column":8},"end":{"line":111,"column":10}},"51":{"start":{"line":113,"column":8},"end":{"line":113,"column":49}},"52":{"start":{"line":114,"column":8},"end":{"line":114,"column":51}},"53":{"start":{"line":117,"column":6},"end":{"line":117,"column":46}},"54":{"start":{"line":119,"column":6},"end":{"line":119,"column":36}},"55":{"start":{"line":120,"column":6},"end":{"line":120,"column":13}},"56":{"start":{"line":124,"column":2},"end":{"line":202,"column":5}},"57":{"start":{"line":125,"column":4},"end":{"line":128,"column":5}},"58":{"start":{"line":126,"column":6},"end":{"line":126,"column":61}},"59":{"start":{"line":127,"column":6},"end":{"line":127,"column":13}},"60":{"start":{"line":129,"column":4},"end":{"line":138,"column":5}},"61":{"start":{"line":130,"column":6},"end":{"line":137,"column":7}},"62":{"start":{"line":135,"column":8},"end":{"line":135,"column":70}},"63":{"start":{"line":136,"column":8},"end":{"line":136,"column":15}},"64":{"start":{"line":141,"column":4},"end":{"line":201,"column":5}},"65":{"start":{"line":142,"column":29},"end":{"line":142,"column":30}},"66":{"start":{"line":143,"column":29},"end":{"line":143,"column":31}},"67":{"start":{"line":145,"column":6},"end":{"line":200,"column":7}},"68":{"start":{"line":146,"column":32},"end":{"line":178,"column":10}},"69":{"start":{"line":147,"column":10},"end":{"line":151,"column":11}},"70":{"start":{"line":148,"column":12},"end":{"line":150,"column":14}},"71":{"start":{"line":153,"column":26},"end":{"line":155,"column":79}},"72":{"start":{"line":157,"column":10},"end":{"line":161,"column":11}},"73":{"start":{"line":158,"column":12},"end":{"line":160,"column":14}},"74":{"start":{"line":163,"column":10},"end":{"line":167,"column":11}},"75":{"start":{"line":164,"column":12},"end":{"line":166,"column":14}},"76":{"start":{"line":169,"column":33},"end":{"line":169,"column":67}},"77":{"start":{"line":170,"column":10},"end":{"line":170,"column":45}},"78":{"start":{"line":172,"column":10},"end":{"line":177,"column":12}},"79":{"start":{"line":180,"column":31},"end":{"line":180,"column":65}},"80":{"start":{"line":182,"column":8},"end":{"line":194,"column":9}},"81":{"start":{"line":184,"column":10},"end":{"line":190,"column":12}},"82":{"start":{"line":192,"column":10},"end":{"line":192,"column":51}},"83":{"start":{"line":193,"column":10},"end":{"line":193,"column":53}},"84":{"start":{"line":196,"column":8},"end":{"line":196,"column":48}},"85":{"start":{"line":198,"column":8},"end":{"line":198,"column":38}},"86":{"start":{"line":199,"column":8},"end":{"line":199,"column":15}}},"fnMap":{"0":{"name":"default_1","decl":{"start":{"line":4,"column":20},"end":{"line":4,"column":31}},"loc":{"start":{"line":4,"column":34},"end":{"line":203,"column":1}}},"1":{"name":"(anonymous_2)","decl":{"start":{"line":10,"column":33},"end":{"line":10,"column":38}},"loc":{"start":{"line":10,"column":56},"end":{"line":25,"column":3}}},"2":{"name":"(anonymous_3)","decl":{"start":{"line":27,"column":34},"end":{"line":27,"column":39}},"loc":{"start":{"line":27,"column":57},"end":{"line":39,"column":3}}},"3":{"name":"(anonymous_4)","decl":{"start":{"line":41,"column":31},"end":{"line":41,"column":36}},"loc":{"start":{"line":41,"column":54},"end":{"line":122,"column":3}}},"4":{"name":"(anonymous_5)","decl":{"start":{"line":69,"column":49},"end":{"line":69,"column":54}},"loc":{"start":{"line":69,"column":74},"end":{"line":99,"column":7}}},"5":{"name":"(anonymous_6)","decl":{"start":{"line":124,"column":31},"end":{"line":124,"column":36}},"loc":{"start":{"line":124,"column":54},"end":{"line":202,"column":3}}},"6":{"name":"(anonymous_7)","decl":{"start":{"line":146,"column":51},"end":{"line":146,"column":56}},"loc":{"start":{"line":146,"column":76},"end":{"line":178,"column":9}}}},"branchMap":{"0":{"loc":{"start":{"line":11,"column":4},"end":{"line":17,"column":5}},"type":"if","locations":[{"start":{"line":11,"column":4},"end":{"line":17,"column":5}}]},"1":{"loc":{"start":{"line":11,"column":8},"end":{"line":11,"column":68}},"type":"binary-expr","locations":[{"start":{"line":11,"column":8},"end":{"line":11,"column":22}},{"start":{"line":11,"column":26},"end":{"line":11,"column":41}},{"start":{"line":11,"column":45},"end":{"line":11,"column":68}}]},"2":{"loc":{"start":{"line":21,"column":4},"end":{"line":24,"column":5}},"type":"if","locations":[{"start":{"line":21,"column":4},"end":{"line":24,"column":5}}]},"3":{"loc":{"start":{"line":28,"column":4},"end":{"line":31,"column":5}},"type":"if","locations":[{"start":{"line":28,"column":4},"end":{"line":31,"column":5}}]},"4":{"loc":{"start":{"line":28,"column":8},"end":{"line":28,"column":68}},"type":"binary-expr","locations":[{"start":{"line":28,"column":8},"end":{"line":28,"column":27}},{"start":{"line":28,"column":31},"end":{"line":28,"column":46}},{"start":{"line":28,"column":50},"end":{"line":28,"column":68}}]},"5":{"loc":{"start":{"line":35,"column":4},"end":{"line":38,"column":5}},"type":"if","locations":[{"start":{"line":35,"column":4},"end":{"line":38,"column":5}}]},"6":{"loc":{"start":{"line":42,"column":4},"end":{"line":45,"column":5}},"type":"if","locations":[{"start":{"line":42,"column":4},"end":{"line":45,"column":5}}]},"7":{"loc":{"start":{"line":51,"column":4},"end":{"line":54,"column":5}},"type":"if","locations":[{"start":{"line":51,"column":4},"end":{"line":54,"column":5}}]},"8":{"loc":{"start":{"line":56,"column":4},"end":{"line":63,"column":5}},"type":"if","locations":[{"start":{"line":56,"column":4},"end":{"line":63,"column":5}}]},"9":{"loc":{"start":{"line":57,"column":6},"end":{"line":59,"column":33}},"type":"binary-expr","locations":[{"start":{"line":57,"column":6},"end":{"line":57,"column":21}},{"start":{"line":58,"column":6},"end":{"line":58,"column":36}},{"start":{"line":59,"column":6},"end":{"line":59,"column":33}}]},"10":{"loc":{"start":{"line":70,"column":8},"end":{"line":74,"column":9}},"type":"if","locations":[{"start":{"line":70,"column":8},"end":{"line":74,"column":9}}]},"11":{"loc":{"start":{"line":70,"column":12},"end":{"line":70,"column":56}},"type":"binary-expr","locations":[{"start":{"line":70,"column":12},"end":{"line":70,"column":33}},{"start":{"line":70,"column":37},"end":{"line":70,"column":56}}]},"12":{"loc":{"start":{"line":80,"column":8},"end":{"line":82,"column":9}},"type":"if","locations":[{"start":{"line":80,"column":8},"end":{"line":82,"column":9}}]},"13":{"loc":{"start":{"line":84,"column":8},"end":{"line":88,"column":9}},"type":"if","locations":[{"start":{"line":84,"column":8},"end":{"line":88,"column":9}}]},"14":{"loc":{"start":{"line":125,"column":4},"end":{"line":128,"column":5}},"type":"if","locations":[{"start":{"line":125,"column":4},"end":{"line":128,"column":5}}]},"15":{"loc":{"start":{"line":125,"column":8},"end":{"line":125,"column":53}},"type":"binary-expr","locations":[{"start":{"line":125,"column":8},"end":{"line":125,"column":22}},{"start":{"line":125,"column":26},"end":{"line":125,"column":53}}]},"16":{"loc":{"start":{"line":130,"column":6},"end":{"line":137,"column":7}},"type":"if","locations":[{"start":{"line":130,"column":6},"end":{"line":137,"column":7}}]},"17":{"loc":{"start":{"line":131,"column":8},"end":{"line":133,"column":28}},"type":"binary-expr","locations":[{"start":{"line":131,"column":8},"end":{"line":131,"column":30}},{"start":{"line":132,"column":8},"end":{"line":132,"column":35}},{"start":{"line":133,"column":8},"end":{"line":133,"column":28}}]},"18":{"loc":{"start":{"line":141,"column":4},"end":{"line":201,"column":5}},"type":"if","locations":[{"start":{"line":141,"column":4},"end":{"line":201,"column":5}}]},"19":{"loc":{"start":{"line":147,"column":10},"end":{"line":151,"column":11}},"type":"if","locations":[{"start":{"line":147,"column":10},"end":{"line":151,"column":11}}]},"20":{"loc":{"start":{"line":147,"column":14},"end":{"line":147,"column":58}},"type":"binary-expr","locations":[{"start":{"line":147,"column":14},"end":{"line":147,"column":35}},{"start":{"line":147,"column":39},"end":{"line":147,"column":58}}]},"21":{"loc":{"start":{"line":157,"column":10},"end":{"line":161,"column":11}},"type":"if","locations":[{"start":{"line":157,"column":10},"end":{"line":161,"column":11}}]},"22":{"loc":{"start":{"line":163,"column":10},"end":{"line":167,"column":11}},"type":"if","locations":[{"start":{"line":163,"column":10},"end":{"line":167,"column":11}}]}},"s":{"0":1,"1":1,"2":1,"3":1,"4":1,"5":1,"6":1,"7":1,"8":10,"9":5,"10":5,"11":5,"12":5,"13":1,"14":1,"15":1,"16":6,"17":3,"18":3,"19":3,"20":3,"21":1,"22":1,"23":1,"24":9,"25":1,"26":1,"27":8,"28":8,"29":1,"30":1,"31":7,"32":1,"33":1,"34":6,"35":6,"36":6,"37":6,"38":8,"39":1,"40":7,"41":7,"42":1,"43":6,"44":1,"45":5,"46":5,"47":5,"48":6,"49":3,"50":4,"51":4,"52":4,"53":3,"54":3,"55":3,"56":1,"57":3,"58":1,"59":1,"60":2,"61":4,"62":1,"63":1,"64":1,"65":1,"66":1,"67":1,"68":1,"69":2,"70":1,"71":1,"72":0,"73":0,"74":0,"75":0,"76":0,"77":0,"78":0,"79":1,"80":0,"81":0,"82":0,"83":0,"84":0,"85":1,"86":1},"f":{"0":1,"1":10,"2":6,"3":9,"4":8,"5":3,"6":2},"b":{"0":[5],"1":[10,9,7],"2":[1],"3":[3],"4":[6,5,3],"5":[1],"6":[1],"7":[1],"8":[1],"9":[7,7,7],"10":[1],"11":[8,8],"12":[1],"13":[1],"14":[1],"15":[3,3],"16":[1],"17":[4,4,4],"18":[1],"19":[1],"20":[2,2],"21":[0],"22":[0]}}
}
