{"C:\\Users\\gasor\\OneDrive\\Desktop\\Moyo-tech\\order-management-system\\srv\\order-management-service.ts": {"path":"C:\\Users\\gasor\\OneDrive\\Desktop\\Moyo-tech\\order-management-system\\srv\\order-management-service.ts","statementMap":{"0":{"start":{"line":4,"column":0},"end":{"line":4,"column":15}},"1":{"start":{"line":1,"column":0},"end":{"line":1,"column":27}},"2":{"start":{"line":2,"column":27},"end":{"line":2,"column":33}},"3":{"start":{"line":5,"column":42},"end":{"line":5,"column":54}},"4":{"start":{"line":6,"column":2},"end":{"line":21,"column":5}},"5":{"start":{"line":7,"column":4},"end":{"line":13,"column":5}},"6":{"start":{"line":8,"column":6},"end":{"line":11,"column":8}},"7":{"start":{"line":12,"column":6},"end":{"line":12,"column":13}},"8":{"start":{"line":14,"column":28},"end":{"line":16,"column":68}},"9":{"start":{"line":17,"column":4},"end":{"line":20,"column":5}},"10":{"start":{"line":18,"column":6},"end":{"line":18,"column":74}},"11":{"start":{"line":19,"column":6},"end":{"line":19,"column":13}},"12":{"start":{"line":23,"column":2},"end":{"line":35,"column":5}},"13":{"start":{"line":24,"column":4},"end":{"line":27,"column":5}},"14":{"start":{"line":25,"column":6},"end":{"line":25,"column":52}},"15":{"start":{"line":26,"column":6},"end":{"line":26,"column":13}},"16":{"start":{"line":28,"column":29},"end":{"line":30,"column":71}},"17":{"start":{"line":31,"column":4},"end":{"line":34,"column":5}},"18":{"start":{"line":32,"column":6},"end":{"line":32,"column":77}},"19":{"start":{"line":33,"column":6},"end":{"line":33,"column":13}},"20":{"start":{"line":37,"column":2},"end":{"line":118,"column":5}},"21":{"start":{"line":38,"column":4},"end":{"line":41,"column":5}},"22":{"start":{"line":39,"column":6},"end":{"line":39,"column":48}},"23":{"start":{"line":40,"column":6},"end":{"line":40,"column":13}},"24":{"start":{"line":43,"column":21},"end":{"line":45,"column":74}},"25":{"start":{"line":47,"column":4},"end":{"line":50,"column":5}},"26":{"start":{"line":48,"column":6},"end":{"line":48,"column":75}},"27":{"start":{"line":49,"column":6},"end":{"line":49,"column":13}},"28":{"start":{"line":52,"column":4},"end":{"line":59,"column":5}},"29":{"start":{"line":57,"column":6},"end":{"line":57,"column":61}},"30":{"start":{"line":58,"column":6},"end":{"line":58,"column":13}},"31":{"start":{"line":61,"column":27},"end":{"line":61,"column":28}},"32":{"start":{"line":62,"column":27},"end":{"line":62,"column":29}},"33":{"start":{"line":64,"column":4},"end":{"line":117,"column":5}},"34":{"start":{"line":65,"column":30},"end":{"line":95,"column":8}},"35":{"start":{"line":66,"column":8},"end":{"line":70,"column":9}},"36":{"start":{"line":67,"column":10},"end":{"line":69,"column":12}},"37":{"start":{"line":72,"column":24},"end":{"line":74,"column":77}},"38":{"start":{"line":76,"column":8},"end":{"line":78,"column":9}},"39":{"start":{"line":77,"column":10},"end":{"line":77,"column":79}},"40":{"start":{"line":80,"column":8},"end":{"line":84,"column":9}},"41":{"start":{"line":81,"column":10},"end":{"line":83,"column":12}},"42":{"start":{"line":86,"column":31},"end":{"line":86,"column":65}},"43":{"start":{"line":87,"column":8},"end":{"line":87,"column":43}},"44":{"start":{"line":89,"column":8},"end":{"line":94,"column":10}},"45":{"start":{"line":97,"column":29},"end":{"line":97,"column":63}},"46":{"start":{"line":99,"column":6},"end":{"line":111,"column":7}},"47":{"start":{"line":101,"column":8},"end":{"line":107,"column":10}},"48":{"start":{"line":109,"column":8},"end":{"line":109,"column":49}},"49":{"start":{"line":110,"column":8},"end":{"line":110,"column":51}},"50":{"start":{"line":113,"column":6},"end":{"line":113,"column":46}},"51":{"start":{"line":115,"column":6},"end":{"line":115,"column":36}},"52":{"start":{"line":116,"column":6},"end":{"line":116,"column":13}},"53":{"start":{"line":120,"column":2},"end":{"line":167,"column":5}},"54":{"start":{"line":121,"column":4},"end":{"line":124,"column":5}},"55":{"start":{"line":122,"column":6},"end":{"line":122,"column":61}},"56":{"start":{"line":123,"column":6},"end":{"line":123,"column":13}},"57":{"start":{"line":125,"column":4},"end":{"line":134,"column":5}},"58":{"start":{"line":126,"column":6},"end":{"line":133,"column":7}},"59":{"start":{"line":131,"column":8},"end":{"line":131,"column":70}},"60":{"start":{"line":132,"column":8},"end":{"line":132,"column":15}},"61":{"start":{"line":136,"column":4},"end":{"line":166,"column":5}},"62":{"start":{"line":137,"column":29},"end":{"line":137,"column":30}},"63":{"start":{"line":138,"column":6},"end":{"line":165,"column":7}},"64":{"start":{"line":139,"column":23},"end":{"line":140,"column":null}},"65":{"start":{"line":142,"column":7},"end":{"line":144,"column":8}},"66":{"start":{"line":143,"column":8},"end":{"line":143,"column":85}},"67":{"start":{"line":145,"column":8},"end":{"line":147,"column":9}},"68":{"start":{"line":146,"column":10},"end":{"line":146,"column":163}},"69":{"start":{"line":148,"column":31},"end":{"line":148,"column":73}},"70":{"start":{"line":149,"column":8},"end":{"line":149,"column":42}},"71":{"start":{"line":151,"column":8},"end":{"line":157,"column":10}},"72":{"start":{"line":158,"column":8},"end":{"line":158,"column":52}},"73":{"start":{"line":159,"column":8},"end":{"line":159,"column":54}},"74":{"start":{"line":160,"column":8},"end":{"line":160,"column":48}},"75":{"start":{"line":162,"column":8},"end":{"line":162,"column":null}},"76":{"start":{"line":163,"column":8},"end":{"line":163,"column":38}},"77":{"start":{"line":164,"column":8},"end":{"line":164,"column":15}}},"fnMap":{"0":{"name":"default_1","decl":{"start":{"line":4,"column":20},"end":{"line":4,"column":31}},"loc":{"start":{"line":4,"column":34},"end":{"line":168,"column":1}}},"1":{"name":"(anonymous_2)","decl":{"start":{"line":6,"column":33},"end":{"line":6,"column":38}},"loc":{"start":{"line":6,"column":56},"end":{"line":21,"column":3}}},"2":{"name":"(anonymous_3)","decl":{"start":{"line":23,"column":34},"end":{"line":23,"column":39}},"loc":{"start":{"line":23,"column":57},"end":{"line":35,"column":3}}},"3":{"name":"(anonymous_4)","decl":{"start":{"line":37,"column":31},"end":{"line":37,"column":36}},"loc":{"start":{"line":37,"column":54},"end":{"line":118,"column":3}}},"4":{"name":"(anonymous_5)","decl":{"start":{"line":65,"column":49},"end":{"line":65,"column":54}},"loc":{"start":{"line":65,"column":74},"end":{"line":95,"column":7}}},"5":{"name":"(anonymous_6)","decl":{"start":{"line":120,"column":31},"end":{"line":120,"column":36}},"loc":{"start":{"line":120,"column":54},"end":{"line":167,"column":3}}}},"branchMap":{"0":{"loc":{"start":{"line":7,"column":4},"end":{"line":13,"column":5}},"type":"if","locations":[{"start":{"line":7,"column":4},"end":{"line":13,"column":5}}]},"1":{"loc":{"start":{"line":7,"column":8},"end":{"line":7,"column":68}},"type":"binary-expr","locations":[{"start":{"line":7,"column":8},"end":{"line":7,"column":22}},{"start":{"line":7,"column":26},"end":{"line":7,"column":41}},{"start":{"line":7,"column":45},"end":{"line":7,"column":68}}]},"2":{"loc":{"start":{"line":17,"column":4},"end":{"line":20,"column":5}},"type":"if","locations":[{"start":{"line":17,"column":4},"end":{"line":20,"column":5}}]},"3":{"loc":{"start":{"line":24,"column":4},"end":{"line":27,"column":5}},"type":"if","locations":[{"start":{"line":24,"column":4},"end":{"line":27,"column":5}}]},"4":{"loc":{"start":{"line":24,"column":8},"end":{"line":24,"column":68}},"type":"binary-expr","locations":[{"start":{"line":24,"column":8},"end":{"line":24,"column":27}},{"start":{"line":24,"column":31},"end":{"line":24,"column":46}},{"start":{"line":24,"column":50},"end":{"line":24,"column":68}}]},"5":{"loc":{"start":{"line":31,"column":4},"end":{"line":34,"column":5}},"type":"if","locations":[{"start":{"line":31,"column":4},"end":{"line":34,"column":5}}]},"6":{"loc":{"start":{"line":38,"column":4},"end":{"line":41,"column":5}},"type":"if","locations":[{"start":{"line":38,"column":4},"end":{"line":41,"column":5}}]},"7":{"loc":{"start":{"line":47,"column":4},"end":{"line":50,"column":5}},"type":"if","locations":[{"start":{"line":47,"column":4},"end":{"line":50,"column":5}}]},"8":{"loc":{"start":{"line":52,"column":4},"end":{"line":59,"column":5}},"type":"if","locations":[{"start":{"line":52,"column":4},"end":{"line":59,"column":5}}]},"9":{"loc":{"start":{"line":53,"column":6},"end":{"line":55,"column":33}},"type":"binary-expr","locations":[{"start":{"line":53,"column":6},"end":{"line":53,"column":21}},{"start":{"line":54,"column":6},"end":{"line":54,"column":36}},{"start":{"line":55,"column":6},"end":{"line":55,"column":33}}]},"10":{"loc":{"start":{"line":66,"column":8},"end":{"line":70,"column":9}},"type":"if","locations":[{"start":{"line":66,"column":8},"end":{"line":70,"column":9}}]},"11":{"loc":{"start":{"line":66,"column":12},"end":{"line":66,"column":56}},"type":"binary-expr","locations":[{"start":{"line":66,"column":12},"end":{"line":66,"column":33}},{"start":{"line":66,"column":37},"end":{"line":66,"column":56}}]},"12":{"loc":{"start":{"line":76,"column":8},"end":{"line":78,"column":9}},"type":"if","locations":[{"start":{"line":76,"column":8},"end":{"line":78,"column":9}}]},"13":{"loc":{"start":{"line":80,"column":8},"end":{"line":84,"column":9}},"type":"if","locations":[{"start":{"line":80,"column":8},"end":{"line":84,"column":9}}]},"14":{"loc":{"start":{"line":121,"column":4},"end":{"line":124,"column":5}},"type":"if","locations":[{"start":{"line":121,"column":4},"end":{"line":124,"column":5}}]},"15":{"loc":{"start":{"line":121,"column":8},"end":{"line":121,"column":53}},"type":"binary-expr","locations":[{"start":{"line":121,"column":8},"end":{"line":121,"column":22}},{"start":{"line":121,"column":26},"end":{"line":121,"column":53}}]},"16":{"loc":{"start":{"line":126,"column":6},"end":{"line":133,"column":7}},"type":"if","locations":[{"start":{"line":126,"column":6},"end":{"line":133,"column":7}}]},"17":{"loc":{"start":{"line":127,"column":8},"end":{"line":129,"column":28}},"type":"binary-expr","locations":[{"start":{"line":127,"column":8},"end":{"line":127,"column":30}},{"start":{"line":128,"column":8},"end":{"line":128,"column":35}},{"start":{"line":129,"column":8},"end":{"line":129,"column":28}}]},"18":{"loc":{"start":{"line":136,"column":4},"end":{"line":166,"column":5}},"type":"if","locations":[{"start":{"line":136,"column":4},"end":{"line":166,"column":5}}]},"19":{"loc":{"start":{"line":142,"column":7},"end":{"line":144,"column":8}},"type":"if","locations":[{"start":{"line":142,"column":7},"end":{"line":144,"column":8}}]},"20":{"loc":{"start":{"line":145,"column":8},"end":{"line":147,"column":9}},"type":"if","locations":[{"start":{"line":145,"column":8},"end":{"line":147,"column":9}}]}},"s":{"0":1,"1":1,"2":1,"3":1,"4":1,"5":10,"6":5,"7":5,"8":5,"9":5,"10":1,"11":1,"12":1,"13":6,"14":3,"15":3,"16":3,"17":3,"18":1,"19":1,"20":1,"21":10,"22":1,"23":1,"24":9,"25":9,"26":1,"27":1,"28":8,"29":1,"30":1,"31":7,"32":7,"33":7,"34":7,"35":10,"36":1,"37":9,"38":9,"39":1,"40":8,"41":1,"42":7,"43":7,"44":7,"45":7,"46":4,"47":6,"48":6,"49":6,"50":4,"51":3,"52":3,"53":1,"54":5,"55":1,"56":1,"57":4,"58":11,"59":1,"60":1,"61":3,"62":3,"63":3,"64":3,"65":3,"66":1,"67":2,"68":1,"69":1,"70":1,"71":1,"72":1,"73":1,"74":1,"75":2,"76":2,"77":2},"f":{"0":1,"1":10,"2":6,"3":10,"4":10,"5":5},"b":{"0":[5],"1":[10,9,7],"2":[1],"3":[3],"4":[6,5,3],"5":[1],"6":[1],"7":[1],"8":[1],"9":[8,8,8],"10":[1],"11":[10,10],"12":[1],"13":[1],"14":[1],"15":[5,5],"16":[1],"17":[11,11,11],"18":[3],"19":[1],"20":[1]}}
}
