TN:
SF:srv\order-management-service.ts
FN:4,default_1
FN:12,(anonymous_2)
FN:27,(anonymous_3)
FN:41,(anonymous_4)
FN:65,(anonymous_5)
FNF:5
FNH:5
FNDA:1,default_1
FNDA:10,(anonymous_2)
FNDA:6,(anonymous_3)
FNDA:9,(anonymous_4)
FNDA:8,(anonymous_5)
DA:1,1
DA:2,1
DA:4,1
DA:6,1
DA:7,1
DA:8,1
DA:11,1
DA:12,1
DA:13,10
DA:14,5
DA:15,5
DA:17,5
DA:20,5
DA:21,1
DA:22,1
DA:27,1
DA:28,6
DA:29,3
DA:30,3
DA:32,3
DA:35,3
DA:36,1
DA:37,1
DA:41,1
DA:42,9
DA:43,1
DA:44,1
DA:47,8
DA:51,8
DA:52,1
DA:53,1
DA:56,7
DA:57,1
DA:58,1
DA:61,6
DA:62,6
DA:64,6
DA:65,6
DA:66,8
DA:67,1
DA:70,7
DA:74,7
DA:75,1
DA:78,6
DA:79,1
DA:82,5
DA:83,5
DA:85,5
DA:93,6
DA:95,3
DA:97,4
DA:105,4
DA:106,4
DA:109,3
DA:111,3
DA:112,3
LF:56
LH:56
BRDA:13,0,0,5
BRDA:13,1,0,10
BRDA:13,1,1,9
BRDA:13,1,2,7
BRDA:20,2,0,1
BRDA:28,3,0,3
BRDA:28,4,0,6
BRDA:28,4,1,5
BRDA:28,4,2,3
BRDA:35,5,0,1
BRDA:42,6,0,1
BRDA:51,7,0,1
BRDA:56,8,0,1
BRDA:56,9,0,7
BRDA:56,9,1,7
BRDA:56,9,2,7
BRDA:66,10,0,1
BRDA:66,11,0,8
BRDA:66,11,1,8
BRDA:74,12,0,1
BRDA:78,13,0,1
BRF:21
BRH:21
end_of_record
