TN:
SF:srv\order-management-service.ts
FN:4,default_1
FN:6,(anonymous_2)
FN:23,(anonymous_3)
FN:37,(anonymous_4)
FN:65,(anonymous_5)
FN:120,(anonymous_6)
FNF:6
FNH:6
FNDA:1,default_1
FNDA:10,(anonymous_2)
FNDA:6,(anonymous_3)
FNDA:10,(anonymous_4)
FNDA:10,(anonymous_5)
FNDA:5,(anonymous_6)
DA:1,1
DA:2,1
DA:4,1
DA:5,1
DA:6,1
DA:7,10
DA:8,5
DA:12,5
DA:14,5
DA:17,5
DA:18,1
DA:19,1
DA:23,1
DA:24,6
DA:25,3
DA:26,3
DA:28,3
DA:31,3
DA:32,1
DA:33,1
DA:37,1
DA:38,10
DA:39,1
DA:40,1
DA:43,9
DA:47,9
DA:48,1
DA:49,1
DA:52,8
DA:57,1
DA:58,1
DA:61,7
DA:62,7
DA:64,7
DA:65,7
DA:66,10
DA:67,1
DA:72,9
DA:76,9
DA:77,1
DA:80,8
DA:81,1
DA:86,7
DA:87,7
DA:89,7
DA:97,7
DA:99,4
DA:101,6
DA:109,6
DA:110,6
DA:113,4
DA:115,3
DA:116,3
DA:120,1
DA:121,5
DA:122,1
DA:123,1
DA:125,4
DA:126,11
DA:131,1
DA:132,1
DA:136,3
DA:137,3
DA:138,3
DA:139,3
DA:142,3
DA:143,1
DA:145,2
DA:146,1
DA:148,1
DA:149,1
DA:151,1
DA:158,1
DA:159,1
DA:160,1
DA:162,2
DA:163,2
DA:164,2
LF:78
LH:78
BRDA:7,0,0,5
BRDA:7,1,0,10
BRDA:7,1,1,9
BRDA:7,1,2,7
BRDA:17,2,0,1
BRDA:24,3,0,3
BRDA:24,4,0,6
BRDA:24,4,1,5
BRDA:24,4,2,3
BRDA:31,5,0,1
BRDA:38,6,0,1
BRDA:47,7,0,1
BRDA:52,8,0,1
BRDA:53,9,0,8
BRDA:53,9,1,8
BRDA:53,9,2,8
BRDA:66,10,0,1
BRDA:66,11,0,10
BRDA:66,11,1,10
BRDA:76,12,0,1
BRDA:80,13,0,1
BRDA:121,14,0,1
BRDA:121,15,0,5
BRDA:121,15,1,5
BRDA:126,16,0,1
BRDA:127,17,0,11
BRDA:127,17,1,11
BRDA:127,17,2,11
BRDA:136,18,0,3
BRDA:142,19,0,1
BRDA:145,20,0,1
BRF:31
BRH:31
end_of_record
